2022-05-14 21:05:08 INFO  ManageDriver :31 - Launching Chrome Browser
2022-05-14 21:05:23 INFO  ManageDriver :31 - Launching Chrome Browser
2022-05-14 21:05:401 INFO  ManageDriver :31 - Launching Chrome Browser
2022-05-14 21:05:770 INFO  ManageDriver :31 - Launching Chrome Browser
2022-05-14 21:05:949 INFO  ManageDriver :31 - Launching Chrome Browser
2022-05-14 21:05:119 INFO  ManageDriver :31 - Launching Chrome Browser
2022-05-14 21:05:10 INFO  ManageDriver :31 - Launching Chrome Browser
2022-05-14 21:05:582 INFO  ManageDriver :31 - Launching Chrome Browser
2022-05-14 21:05:585 INFO  ManageDriver :31 - Launching Chrome Browser
2022-05-14 21:05:73 INFO  ManageDriver :31 - Launching Chrome Browser
2022-05-14 21:05:709 INFO  ManageDriver :31 - Launching Chrome Browser
2022-05-14 21:05:326 INFO  ManageDriver :31 - Launching Chrome Browser
2022-05-14 21:05:475 INFO  ManageDriver :31 - Launching Chrome Browser
2022-05-14 21:05:635 INFO  ManageDriver :31 - Launching Chrome Browser
2022-05-14 21:05:19 INFO  ManageDriver :31 - Launching Chrome Browser
2022-05-14 22:05:330 INFO  ManageDriver :31 - Launching Chrome Browser
2022-05-14 22:05:343 INFO  ManageDriver :31 - Launching Chrome Browser
2022-05-14 22:05:466 INFO  ManageDriver :31 - Launching Chrome Browser
2022-05-14 22:05:844 INFO  ManageDriver :31 - Launching Chrome Browser
2022-05-14 22:05:445 INFO  ManageDriver :31 - Launching Chrome Browser
2022-05-14 22:05:965 INFO  ManageDriver :31 - Launching Chrome Browser
2022-05-14 22:05:814 INFO  ManageDriver :31 - Launching Chrome Browser
2022-05-14 22:05:847 INFO  ManageDriver :31 - Launching Chrome Browser
2022-05-14 22:05:223 INFO  ManageDriver :31 - Launching Chrome Browser
2022-05-14 22:05:272 INFO  ManageDriver :31 - Launching Chrome Browser
2022-05-14 22:05:938 INFO  ManageDriver :31 - Launching Chrome Browser
2022-05-14 22:05:771 INFO  ManageDriver :31 - Launching Chrome Browser
2022-05-14 22:05:148 INFO  ManageDriver :31 - Launching Chrome Browser
2022-05-14 22:05:922 INFO  ManageDriver :31 - Launching Chrome Browser
2022-05-14 22:05:676 INFO  ManageDriver :31 - Launching Chrome Browser
2022-05-14 22:05:135 INFO  ManageDriver :31 - Launching Chrome Browser
2022-05-14 22:05:810 INFO  ManageDriver :31 - Launching Chrome Browser
2022-05-14 22:05:483 INFO  ManageDriver :31 - Launching Chrome Browser
2022-05-14 22:05:902 INFO  ManageDriver :31 - Launching Chrome Browser
2022-05-14 22:05:202 INFO  ManageDriver :31 - Launching Chrome Browser
2022-05-14 23:05:746 INFO  ManageDriver :31 - Launching Chrome Browser
2022-05-14 23:05:906 INFO  ManageDriver :31 - Launching Chrome Browser
2022-05-14 23:05:841 INFO  ManageDriver :31 - Launching Chrome Browser
2022-05-15 07:05:76 INFO  ManageDriver :31 - Launching Chrome Browser
2022-05-15 07:05:34 INFO  ManageDriver :31 - Launching Chrome Browser
2022-05-15 07:05:803 INFO  ManageDriver :31 - Launching Chrome Browser
2022-05-15 07:05:246 INFO  ManageDriver :31 - Launching Chrome Browser
2022-05-15 07:05:821 INFO  ManageDriver :31 - Launching Chrome Browser
2022-05-15 07:05:457 INFO  ManageDriver :31 - Launching Chrome Browser
2022-05-15 07:05:598 INFO  ManageDriver :31 - Launching Chrome Browser
2022-05-15 07:05:70 INFO  ManageDriver :31 - Launching Chrome Browser
2022-05-15 07:05:646 INFO  ManageDriver :31 - Launching Chrome Browser
2022-05-15 07:05:784 INFO  ManageDriver :31 - Launching Chrome Browser
2022-05-15 07:05:280 INFO  ManageDriver :31 - Launching Chrome Browser
2022-05-15 07:05:632 INFO  ManageDriver :31 - Launching Chrome Browser
2022-05-15 07:05:998 INFO  ManageDriver :31 - Launching Chrome Browser
2022-05-15 07:05:871 INFO  ManageDriver :31 - Launching Chrome Browser
2022-05-15 07:05:348 INFO  ManageDriver :31 - Launching Chrome Browser
2022-05-15 07:05:718 INFO  ManageDriver :31 - Launching Chrome Browser
2022-05-15 07:05:696 INFO  ManageDriver :31 - Launching Chrome Browser
2022-05-15 07:05:568 INFO  ManageDriver :31 - Launching Chrome Browser
2022-05-15 07:05:321 INFO  ManageDriver :31 - Launching Chrome Browser
2022-05-15 07:05:706 INFO  ManageDriver :31 - Launching Chrome Browser
2022-05-15 07:05:725 INFO  ManageDriver :31 - Launching Chrome Browser
2022-05-15 07:05:853 INFO  ManageDriver :31 - Launching Chrome Browser
2022-05-15 08:05:624 INFO  ManageDriver :31 - Launching Chrome Browser
2022-05-15 08:05:948 INFO  ManageDriver :31 - Launching Chrome Browser
2022-05-15 08:05:195 INFO  ManageDriver :31 - Launching Chrome Browser
2022-05-15 08:05:82 INFO  ManageDriver :31 - Launching Chrome Browser
2022-05-15 08:05:544 INFO  ManageDriver :31 - Launching Chrome Browser
2022-05-15 08:05:703 INFO  ManageDriver :31 - Launching Chrome Browser
2022-05-15 08:05:105 INFO  ManageDriver :31 - Launching Chrome Browser
2022-05-15 08:05:926 INFO  ManageDriver :31 - Launching Chrome Browser
2022-05-15 08:05:342 INFO  ManageDriver :31 - Launching Chrome Browser
2022-05-15 08:05:538 INFO  ManageDriver :31 - Launching Chrome Browser
2022-05-15 08:05:978 INFO  ManageDriver :31 - Launching Chrome Browser
2022-05-15 08:05:300 INFO  ManageDriver :31 - Launching Chrome Browser
2022-05-15 08:05:709 INFO  ManageDriver :31 - Launching Chrome Browser
2022-05-15 08:05:977 INFO  ManageDriver :31 - Launching Chrome Browser
2022-05-15 08:05:736 INFO  ManageDriver :31 - Launching Chrome Browser
2022-05-15 12:05:68 INFO  ManageDriver :31 - Launching Chrome Browser
2022-05-15 12:05:623 INFO  HomePage :63 - Click on login link: [[ChromeDriver: chrome on WINDOWS (5c8ef54c475612a5f607de4e8bf59fb4)] -> link text: Log in]
2022-05-15 12:05:781 INFO  LoginPage :46 - Entering email: 
2022-05-15 12:05:260 INFO  LoginPage :52 - 
2022-05-15 12:05:460 INFO  ManageDriver :31 - Launching Chrome Browser
2022-05-15 12:05:281 INFO  HomePage :63 - Click on login link: [[ChromeDriver: chrome on WINDOWS (6c2a29192afe2be67dc3f364a469f380)] -> link text: Log in]
2022-05-15 12:05:366 INFO  LoginPage :46 - Entering email: 
2022-05-15 12:05:812 INFO  LoginPage :52 - 
2022-05-16 06:05:998 INFO  ManageDriver :31 - Launching Chrome Browser
2022-05-16 06:05:287 INFO  ComputerPage :37 - Verifying Computer text: [[ChromeDriver: chrome on WINDOWS (ae5f34e872575946ed9a3fcef457ce84)] -> xpath: //h1[contains(text(),'Computers')]]
2022-05-16 06:05:41 INFO  ManageDriver :31 - Launching Chrome Browser
2022-05-16 06:05:923 INFO  ComputerPage :43 - Clicking on desktop link: [[ChromeDriver: chrome on WINDOWS (3557eb98bb8c2ba0f8e478f40da5d77f)] -> xpath: //img[@title='Show products in category Desktops']]
2022-05-16 06:05:951 INFO  DesktopsPage :40 - Verifying desktop text: [[ChromeDriver: chrome on WINDOWS (3557eb98bb8c2ba0f8e478f40da5d77f)] -> xpath: //h1[contains(text(),'Desktops')]]
2022-05-16 06:05:679 INFO  ManageDriver :31 - Launching Chrome Browser
2022-05-16 06:05:587 INFO  ComputerPage :43 - Clicking on desktop link: [[ChromeDriver: chrome on WINDOWS (f900786b2a45d1018a4bdbf49282385f)] -> xpath: //img[@title='Show products in category Desktops']]
2022-05-16 06:05:13 INFO  DesktopsPage :63 - Select product from desktop page: [[ChromeDriver: chrome on WINDOWS (f900786b2a45d1018a4bdbf49282385f)] -> xpath: //div[@class='picture']]
2022-05-16 06:05:251 INFO  BuildYourOwnComputerPage :67 - configuration selected as per various options available: 
2022-05-16 06:05:181 INFO  BuildYourOwnComputerPage :57 - Verifying Product added to cart message: [[ChromeDriver: chrome on WINDOWS (f900786b2a45d1018a4bdbf49282385f)] -> xpath: //p[contains(.,'The product has been added to your shopping cart')]]
2022-05-16 06:05:864 INFO  ManageDriver :31 - Launching Chrome Browser
2022-05-16 06:05:888 INFO  HomePage :63 - Click on login link: [[ChromeDriver: chrome on WINDOWS (c00b881e58dc4adf04839208cfcd8af5)] -> link text: Log in]
2022-05-16 06:05:924 INFO  LoginPage :42 - Getting welcome text: [[ChromeDriver: chrome on WINDOWS (c00b881e58dc4adf04839208cfcd8af5)] -> xpath: //h1[contains(text(),'Welcome, Please Sign In!')]]
2022-05-16 06:05:617 INFO  ManageDriver :31 - Launching Chrome Browser
2022-05-16 06:05:378 INFO  HomePage :63 - Click on login link: [[ChromeDriver: chrome on WINDOWS (4a39b2ce1d8df4a8c424c6897180222b)] -> link text: Log in]
2022-05-16 06:05:408 INFO  LoginPage :47 - Entering email: 
2022-05-16 06:05:546 INFO  LoginPage :53 - Entering Password: [[ChromeDriver: chrome on WINDOWS (4a39b2ce1d8df4a8c424c6897180222b)] -> name: Password]
2022-05-16 06:05:189 INFO  LoginPage :59 - Clicking on login button: [[ChromeDriver: chrome on WINDOWS (4a39b2ce1d8df4a8c424c6897180222b)] -> xpath: //button[contains(text(),'Log in')]]
2022-05-16 06:05:214 INFO  HomePage :82 - Verifying logout link is displayed : [[ChromeDriver: chrome on WINDOWS (4a39b2ce1d8df4a8c424c6897180222b)] -> xpath: //a[contains(text(),'Log out')]]
2022-05-16 06:05:953 INFO  ManageDriver :31 - Launching Chrome Browser
2022-05-16 06:05:90 INFO  HomePage :63 - Click on login link: [[ChromeDriver: chrome on WINDOWS (494149e8a111cfc215f18d0b1404c7a6)] -> link text: Log in]
2022-05-16 06:05:119 INFO  LoginPage :47 - Entering email: 
2022-05-16 06:05:270 INFO  LoginPage :53 - Entering Password: [[ChromeDriver: chrome on WINDOWS (494149e8a111cfc215f18d0b1404c7a6)] -> name: Password]
2022-05-16 06:05:710 INFO  LoginPage :59 - Clicking on login button: [[ChromeDriver: chrome on WINDOWS (494149e8a111cfc215f18d0b1404c7a6)] -> xpath: //button[contains(text(),'Log in')]]
2022-05-16 06:05:727 INFO  LoginPage :63 - Verifying Error message : [[ChromeDriver: chrome on WINDOWS (494149e8a111cfc215f18d0b1404c7a6)] -> xpath: //div[@class='message-error validation-summary-errors']]
2022-05-16 06:05:431 INFO  ManageDriver :31 - Launching Chrome Browser
2022-05-16 06:05:48 INFO  HomePage :63 - Click on login link: [[ChromeDriver: chrome on WINDOWS (2e04937ab472e8572baefbda05d8089d)] -> link text: Log in]
2022-05-16 06:05:77 INFO  LoginPage :47 - Entering email: 
2022-05-16 06:05:212 INFO  LoginPage :53 - Entering Password: [[ChromeDriver: chrome on WINDOWS (2e04937ab472e8572baefbda05d8089d)] -> name: Password]
2022-05-16 06:05:635 INFO  LoginPage :59 - Clicking on login button: [[ChromeDriver: chrome on WINDOWS (2e04937ab472e8572baefbda05d8089d)] -> xpath: //button[contains(text(),'Log in')]]
2022-05-16 06:05:653 INFO  LoginPage :63 - Verifying Error message : [[ChromeDriver: chrome on WINDOWS (2e04937ab472e8572baefbda05d8089d)] -> xpath: //div[@class='message-error validation-summary-errors']]
2022-05-16 06:05:386 INFO  ManageDriver :31 - Launching Chrome Browser
2022-05-16 06:05:860 INFO  HomePage :63 - Click on login link: [[ChromeDriver: chrome on WINDOWS (5fe39cdf5fc6482fe70cb12e70419aac)] -> link text: Log in]
2022-05-16 06:05:892 INFO  LoginPage :47 - Entering email: 
2022-05-16 06:05:36 INFO  LoginPage :53 - Entering Password: [[ChromeDriver: chrome on WINDOWS (5fe39cdf5fc6482fe70cb12e70419aac)] -> name: Password]
2022-05-16 06:05:469 INFO  LoginPage :59 - Clicking on login button: [[ChromeDriver: chrome on WINDOWS (5fe39cdf5fc6482fe70cb12e70419aac)] -> xpath: //button[contains(text(),'Log in')]]
2022-05-16 06:05:495 INFO  LoginPage :63 - Verifying Error message : [[ChromeDriver: chrome on WINDOWS (5fe39cdf5fc6482fe70cb12e70419aac)] -> xpath: //div[@class='message-error validation-summary-errors']]
2022-05-16 06:05:246 INFO  ManageDriver :31 - Launching Chrome Browser
2022-05-16 06:05:243 INFO  HomePage :63 - Click on login link: [[ChromeDriver: chrome on WINDOWS (2f1dc27024b904cd4e63e8707909c130)] -> link text: Log in]
2022-05-16 06:05:275 INFO  LoginPage :47 - Entering email: 
2022-05-16 06:05:427 INFO  LoginPage :53 - Entering Password: [[ChromeDriver: chrome on WINDOWS (2f1dc27024b904cd4e63e8707909c130)] -> name: Password]
2022-05-16 06:05:68 INFO  LoginPage :59 - Clicking on login button: [[ChromeDriver: chrome on WINDOWS (2f1dc27024b904cd4e63e8707909c130)] -> xpath: //button[contains(text(),'Log in')]]
2022-05-16 06:05:677 INFO  HomePage :77 - click on log out link: [[ChromeDriver: chrome on WINDOWS (2f1dc27024b904cd4e63e8707909c130)] -> xpath: //a[contains(text(),'Log out')]]
2022-05-16 06:05:697 INFO  HomePage :88 - Verifying login link is displayed : [[ChromeDriver: chrome on WINDOWS (2f1dc27024b904cd4e63e8707909c130)] -> link text: Log in]
2022-05-16 06:05:406 INFO  ManageDriver :31 - Launching Chrome Browser
2022-05-16 06:05:853 INFO  RegisterPage :93 - Verifying 'Register' text on register page  [[ChromeDriver: chrome on WINDOWS (81977295e50fed79f20c72d9d4181e68)] -> xpath: //h1[contains(text(),'Register')]]
2022-05-16 06:05:582 INFO  ManageDriver :31 - Launching Chrome Browser
2022-05-16 06:05:404 INFO  RegisterPage :140 - Clicking on Register button: [[ChromeDriver: chrome on WINDOWS (7a66b4a9e27e5a8992e4805dd5d3a6ce)] -> id: register-button]
2022-05-16 06:05:427 INFO  RegisterPage :145 - Verifying first Name required error message: [[ChromeDriver: chrome on WINDOWS (7a66b4a9e27e5a8992e4805dd5d3a6ce)] -> id: FirstName-error]
2022-05-16 06:05:461 INFO  RegisterPage :151 - Verifying Last Name required error message: [[ChromeDriver: chrome on WINDOWS (7a66b4a9e27e5a8992e4805dd5d3a6ce)] -> id: LastName-error]
2022-05-16 06:05:495 INFO  RegisterPage :157 - Verifying Email required error message: [[ChromeDriver: chrome on WINDOWS (7a66b4a9e27e5a8992e4805dd5d3a6ce)] -> id: Email-error]
2022-05-16 06:05:526 INFO  RegisterPage :163 - Verifying Password required error message: [[ChromeDriver: chrome on WINDOWS (7a66b4a9e27e5a8992e4805dd5d3a6ce)] -> id: Password-error]
2022-05-16 06:05:561 INFO  RegisterPage :169 - Verifying confirm password required error message: [[ChromeDriver: chrome on WINDOWS (7a66b4a9e27e5a8992e4805dd5d3a6ce)] -> id: ConfirmPassword-error]
2022-05-16 06:05:269 INFO  ManageDriver :31 - Launching Chrome Browser
2022-05-16 06:05:280 INFO  RegisterPage :105 - Entering First Name: [[ChromeDriver: chrome on WINDOWS (fbabaf17eb50363c89912e3c53a6e1b5)] -> id: FirstName]
2022-05-16 06:05:355 INFO  RegisterPage :111 - Entering Last name: [[ChromeDriver: chrome on WINDOWS (fbabaf17eb50363c89912e3c53a6e1b5)] -> id: LastName]
2022-05-16 06:05:437 INFO  RegisterPage :117 - Entering Email: [[ChromeDriver: chrome on WINDOWS (fbabaf17eb50363c89912e3c53a6e1b5)] -> id: Email]
2022-05-16 06:05:532 INFO  RegisterPage :129 - Selecting Year for Data of Birth: [[ChromeDriver: chrome on WINDOWS (fbabaf17eb50363c89912e3c53a6e1b5)] -> xpath: //select[@name='DateOfBirthYear']]
2022-05-16 06:05:602 INFO  RegisterPage :134 - Entering confirm password: Temp123
2022-05-16 06:05:472 INFO  RegisterPage :140 - Clicking on Register button: [[ChromeDriver: chrome on WINDOWS (fbabaf17eb50363c89912e3c53a6e1b5)] -> id: register-button]
2022-05-16 06:05:490 INFO  RegisterPage :175 - Verifying Registration completed message: [[ChromeDriver: chrome on WINDOWS (fbabaf17eb50363c89912e3c53a6e1b5)] -> xpath: //div[contains(text(),'Your registration completed')]]
2022-05-16 06:05:191 INFO  ManageDriver :31 - Launching Chrome Browser
2022-05-16 06:05:827 INFO  RegisterPage :105 - Entering First Name: [[ChromeDriver: chrome on WINDOWS (f1f4a1c2633d748c1573f549c42a154e)] -> id: FirstName]
2022-05-16 06:05:909 INFO  RegisterPage :111 - Entering Last name: [[ChromeDriver: chrome on WINDOWS (f1f4a1c2633d748c1573f549c42a154e)] -> id: LastName]
2022-05-16 06:05:990 INFO  RegisterPage :117 - Entering Email: [[ChromeDriver: chrome on WINDOWS (f1f4a1c2633d748c1573f549c42a154e)] -> id: Email]
2022-05-16 06:05:89 INFO  RegisterPage :129 - Selecting Year for Data of Birth: [[ChromeDriver: chrome on WINDOWS (f1f4a1c2633d748c1573f549c42a154e)] -> xpath: //select[@name='DateOfBirthYear']]
2022-05-16 06:05:167 INFO  RegisterPage :134 - Entering confirm password: Temp123
2022-05-16 06:05:295 INFO  RegisterPage :140 - Clicking on Register button: [[ChromeDriver: chrome on WINDOWS (f1f4a1c2633d748c1573f549c42a154e)] -> id: register-button]
2022-05-16 06:05:310 INFO  RegisterPage :175 - Verifying Registration completed message: [[ChromeDriver: chrome on WINDOWS (f1f4a1c2633d748c1573f549c42a154e)] -> xpath: //div[contains(text(),'Your registration completed')]]
2022-05-16 06:05:37 INFO  ManageDriver :31 - Launching Chrome Browser
2022-05-16 06:05:312 INFO  RegisterPage :105 - Entering First Name: [[ChromeDriver: chrome on WINDOWS (98a92034ac23a4d457eb42ae0be1cd87)] -> id: FirstName]
2022-05-16 06:05:394 INFO  RegisterPage :111 - Entering Last name: [[ChromeDriver: chrome on WINDOWS (98a92034ac23a4d457eb42ae0be1cd87)] -> id: LastName]
2022-05-16 06:05:477 INFO  RegisterPage :117 - Entering Email: [[ChromeDriver: chrome on WINDOWS (98a92034ac23a4d457eb42ae0be1cd87)] -> id: Email]
2022-05-16 06:05:569 INFO  RegisterPage :129 - Selecting Year for Data of Birth: [[ChromeDriver: chrome on WINDOWS (98a92034ac23a4d457eb42ae0be1cd87)] -> xpath: //select[@name='DateOfBirthYear']]
2022-05-16 06:05:635 INFO  RegisterPage :134 - Entering confirm password: Temp123
2022-05-16 06:05:647 INFO  RegisterPage :140 - Clicking on Register button: [[ChromeDriver: chrome on WINDOWS (98a92034ac23a4d457eb42ae0be1cd87)] -> id: register-button]
2022-05-16 06:05:665 INFO  RegisterPage :175 - Verifying Registration completed message: [[ChromeDriver: chrome on WINDOWS (98a92034ac23a4d457eb42ae0be1cd87)] -> xpath: //div[contains(text(),'Your registration completed')]]
